2020-03-22 11:27:21.920  INFO 7624 --- [restartedMain] c.s.d.DemoconverterApplication           : Starting DemoconverterApplication on LAPTOP-UO6FCE9V with PID 7624 (started by mvideo in D:\Максим\Работа\Java\democonverter)
2020-03-22 11:27:21.924  INFO 7624 --- [restartedMain] c.s.d.DemoconverterApplication           : No active profile set, falling back to default profiles: default
2020-03-22 11:27:21.979  INFO 7624 --- [restartedMain] o.s.b.devtools.restart.ChangeableUrls    : The Class-Path manifest attribute in C:\Users\mvideo\.m2\repository\org\glassfish\jaxb\jaxb-runtime\2.3.2\jaxb-runtime-2.3.2.jar referenced one or more files that do not exist: file:/C:/Users/mvideo/.m2/repository/org/glassfish/jaxb/jaxb-runtime/2.3.2/jakarta.xml.bind-api-2.3.2.jar,file:/C:/Users/mvideo/.m2/repository/org/glassfish/jaxb/jaxb-runtime/2.3.2/txw2-2.3.2.jar,file:/C:/Users/mvideo/.m2/repository/org/glassfish/jaxb/jaxb-runtime/2.3.2/istack-commons-runtime-3.0.8.jar,file:/C:/Users/mvideo/.m2/repository/org/glassfish/jaxb/jaxb-runtime/2.3.2/stax-ex-1.8.1.jar,file:/C:/Users/mvideo/.m2/repository/org/glassfish/jaxb/jaxb-runtime/2.3.2/FastInfoset-1.2.16.jar,file:/C:/Users/mvideo/.m2/repository/org/glassfish/jaxb/jaxb-runtime/2.3.2/jakarta.activation-api-1.2.1.jar
2020-03-22 11:27:21.982  INFO 7624 --- [restartedMain] .e.DevToolsPropertyDefaultsPostProcessor : Devtools property defaults active! Set 'spring.devtools.add-properties' to 'false' to disable
2020-03-22 11:27:21.983  INFO 7624 --- [restartedMain] .e.DevToolsPropertyDefaultsPostProcessor : For additional web related logging consider setting the 'logging.level.web' property to 'DEBUG'
2020-03-22 11:27:22.685  INFO 7624 --- [restartedMain] .s.d.r.c.RepositoryConfigurationDelegate : Bootstrapping Spring Data JPA repositories in DEFAULT mode.
2020-03-22 11:27:22.777  INFO 7624 --- [restartedMain] .s.d.r.c.RepositoryConfigurationDelegate : Finished Spring Data repository scanning in 85ms. Found 3 JPA repository interfaces.
2020-03-22 11:27:22.911  INFO 7624 --- [restartedMain] o.s.c.a.ConfigurationClassEnhancer       : @Bean method RootContextConfig.propertyPlaceHolderConfigurer is non-static and returns an object assignable to Spring's BeanFactoryPostProcessor interface. This will result in a failure to process annotations such as @Autowired, @Resource and @PostConstruct within the method's declaring @Configuration class. Add the 'static' modifier to this method to avoid these container lifecycle issues; see @Bean javadoc for complete details.
2020-03-22 11:27:23.000  INFO 7624 --- [restartedMain] trationDelegate$BeanPostProcessorChecker : Bean 'org.springframework.transaction.annotation.ProxyTransactionManagementConfiguration' of type [org.springframework.transaction.annotation.ProxyTransactionManagementConfiguration] is not eligible for getting processed by all BeanPostProcessors (for example: not eligible for auto-proxying)
2020-03-22 11:27:23.212  INFO 7624 --- [restartedMain] o.s.b.w.embedded.tomcat.TomcatWebServer  : Tomcat initialized with port(s): 8080 (http)
2020-03-22 11:27:23.234  INFO 7624 --- [restartedMain] o.apache.catalina.core.StandardService   : Starting service [Tomcat]
2020-03-22 11:27:23.235  INFO 7624 --- [restartedMain] org.apache.catalina.core.StandardEngine  : Starting Servlet engine: [Apache Tomcat/9.0.30]
2020-03-22 11:27:23.391  INFO 7624 --- [restartedMain] o.a.c.c.C.[Tomcat].[localhost].[/]       : Initializing Spring embedded WebApplicationContext
2020-03-22 11:27:23.392  INFO 7624 --- [restartedMain] o.s.web.context.ContextLoader            : Root WebApplicationContext: initialization completed in 1408 ms
2020-03-22 11:27:23.431  INFO 7624 --- [restartedMain] com.zaxxer.hikari.HikariDataSource       : HikariPool-1 - Starting...
2020-03-22 11:27:23.509  INFO 7624 --- [restartedMain] com.zaxxer.hikari.HikariDataSource       : HikariPool-1 - Start completed.
2020-03-22 11:27:23.513  INFO 7624 --- [restartedMain] o.s.b.a.h2.H2ConsoleAutoConfiguration    : H2 console available at '/ h2'. Database available at 'jdbc:h2:mem:testdb'
2020-03-22 11:27:23.605  INFO 7624 --- [restartedMain] o.hibernate.jpa.internal.util.LogHelper  : HHH000204: Processing PersistenceUnitInfo [name: default]
2020-03-22 11:27:23.642  INFO 7624 --- [restartedMain] org.hibernate.Version                    : HHH000412: Hibernate Core {5.4.10.Final}
2020-03-22 11:27:23.737  INFO 7624 --- [restartedMain] o.hibernate.annotations.common.Version   : HCANN000001: Hibernate Commons Annotations {5.1.0.Final}
2020-03-22 11:27:23.801  INFO 7624 --- [restartedMain] org.hibernate.dialect.Dialect            : HHH000400: Using dialect: org.hibernate.dialect.H2Dialect
2020-03-22 11:27:24.296  INFO 7624 --- [restartedMain] o.h.e.t.j.p.i.JtaPlatformInitiator       : HHH000490: Using JtaPlatform implementation: [org.hibernate.engine.transaction.jta.platform.internal.NoJtaPlatform]
2020-03-22 11:27:24.298  INFO 7624 --- [restartedMain] j.LocalContainerEntityManagerFactoryBean : Initialized JPA EntityManagerFactory for persistence unit 'default'
2020-03-22 11:27:24.323  INFO 7624 --- [restartedMain] o.s.b.d.a.OptionalLiveReloadServer       : LiveReload server is running on port 35729
2020-03-22 11:27:24.658  INFO 7624 --- [restartedMain] c.s.democonverter.data.DataBaseInit      : Loading xml by url: http://www.cbr.ru/scripts/XML_daily.asp?
2020-03-22 11:27:24.803  WARN 7624 --- [restartedMain] JpaBaseConfiguration$JpaWebConfiguration : spring.jpa.open-in-view is enabled by default. Therefore, database queries may be performed during view rendering. Explicitly configure spring.jpa.open-in-view to disable this warning
2020-03-22 11:27:24.878  INFO 7624 --- [restartedMain] o.s.s.web.DefaultSecurityFilterChain     : Creating filter chain: Ant [pattern='/resources/**'], []
2020-03-22 11:27:24.878  INFO 7624 --- [restartedMain] o.s.s.web.DefaultSecurityFilterChain     : Creating filter chain: Ant [pattern='/css/**'], []
2020-03-22 11:27:24.878  INFO 7624 --- [restartedMain] o.s.s.web.DefaultSecurityFilterChain     : Creating filter chain: Ant [pattern='/static/**'], []
2020-03-22 11:27:24.880  INFO 7624 --- [restartedMain] o.s.s.web.DefaultSecurityFilterChain     : Creating filter chain: Ant [pattern='/webjars/**'], []
2020-03-22 11:27:24.895  INFO 7624 --- [restartedMain] o.s.s.web.DefaultSecurityFilterChain     : Creating filter chain: any request, [org.springframework.security.web.context.request.async.WebAsyncManagerIntegrationFilter@313b4448, org.springframework.security.web.context.SecurityContextPersistenceFilter@6529e133, org.springframework.security.web.header.HeaderWriterFilter@48b4ac7d, org.springframework.security.web.authentication.logout.LogoutFilter@3bb833f1, org.springframework.security.web.authentication.UsernamePasswordAuthenticationFilter@28279166, org.springframework.security.web.savedrequest.RequestCacheAwareFilter@437436c4, org.springframework.security.web.servletapi.SecurityContextHolderAwareRequestFilter@340fe563, org.springframework.security.web.authentication.AnonymousAuthenticationFilter@61721b60, org.springframework.security.web.session.SessionManagementFilter@1b4f006b, org.springframework.security.web.access.ExceptionTranslationFilter@66a44f98, org.springframework.security.web.access.intercept.FilterSecurityInterceptor@3a42cabd]
2020-03-22 11:27:24.984  INFO 7624 --- [restartedMain] o.s.s.concurrent.ThreadPoolTaskExecutor  : Initializing ExecutorService 'applicationTaskExecutor'
2020-03-22 11:27:25.308  INFO 7624 --- [restartedMain] o.s.b.w.embedded.tomcat.TomcatWebServer  : Tomcat started on port(s): 8080 (http) with context path ''
2020-03-22 11:27:25.310  INFO 7624 --- [restartedMain] c.s.d.DemoconverterApplication           : Started DemoconverterApplication in 3.71 seconds (JVM running for 4.456)
